<?xml version="1.0" encoding="UTF-8"?>
<robot generator="Robot 3.2.1 (Python 3.8.4 on darwin)" generated="20200717 20:18:43.591" rpa="false">
<suite id="s1" name="ExploreBrowserLibrary" source="/Users/maaretp/GithubRepositories/exploring-robot-framework/ExploreBrowserLibrary.robot">
<test id="s1-t1" name="Checkboxes">
<kw name="Open Browser" library="Browser">
<doc>Opens a new browser instance.</doc>
<arguments>
<arg>http://selenium.thinkcode.se/selectColor</arg>
<arg>headless=false</arg>
</arguments>
<msg timestamp="20200717 20:18:43.847" level="INFO">{"browser": "SupportedBrowsers.chromium", "timeout": 30000.0, "headless": "false", "slowMo": 0.0}</msg>
<msg timestamp="20200717 20:18:43.849" level="INFO">Starting Browser process /Users/maaretp/GithubRepositories/exploring-robot-framework/.env/lib/python3.8/site-packages/Browser/wrapper/index.js using port 55972</msg>
<msg timestamp="20200717 20:18:43.892" level="INFO">&lt;_InactiveRpcError of RPC that terminated with:
	status = StatusCode.UNAVAILABLE
	details = "failed to connect to all addresses"
	debug_error_string = "{"created":"@1595006323.891430000","description":"Failed to pick subchannel","file":"src/core/ext/filters/client_channel/client_channel.cc","file_line":3948,"referenced_errors":[{"created":"@1595006323.891423000","description":"failed to connect to all addresses","file":"src/core/ext/filters/client_channel/lb_policy/pick_first/pick_first.cc","file_line":394,"grpc_status":14}]}"
&gt;</msg>
<msg timestamp="20200717 20:18:43.999" level="INFO">&lt;_InactiveRpcError of RPC that terminated with:
	status = StatusCode.UNAVAILABLE
	details = "failed to connect to all addresses"
	debug_error_string = "{"created":"@1595006323.999291000","description":"Failed to pick subchannel","file":"src/core/ext/filters/client_channel/client_channel.cc","file_line":3948,"referenced_errors":[{"created":"@1595006323.999289000","description":"failed to connect to all addresses","file":"src/core/ext/filters/client_channel/lb_policy/pick_first/pick_first.cc","file_line":394,"grpc_status":14}]}"
&gt;</msg>
<msg timestamp="20200717 20:18:44.103" level="INFO">&lt;_InactiveRpcError of RPC that terminated with:
	status = StatusCode.UNAVAILABLE
	details = "failed to connect to all addresses"
	debug_error_string = "{"created":"@1595006324.102657000","description":"Failed to pick subchannel","file":"src/core/ext/filters/client_channel/client_channel.cc","file_line":3948,"referenced_errors":[{"created":"@1595006324.102656000","description":"failed to connect to all addresses","file":"src/core/ext/filters/client_channel/lb_policy/pick_first/pick_first.cc","file_line":394,"grpc_status":14}]}"
&gt;</msg>
<msg timestamp="20200717 20:18:44.207" level="INFO">&lt;_InactiveRpcError of RPC that terminated with:
	status = StatusCode.UNAVAILABLE
	details = "failed to connect to all addresses"
	debug_error_string = "{"created":"@1595006324.206660000","description":"Failed to pick subchannel","file":"src/core/ext/filters/client_channel/client_channel.cc","file_line":3948,"referenced_errors":[{"created":"@1595006324.206658000","description":"failed to connect to all addresses","file":"src/core/ext/filters/client_channel/lb_policy/pick_first/pick_first.cc","file_line":394,"grpc_status":14}]}"
&gt;</msg>
<msg timestamp="20200717 20:18:44.311" level="INFO">&lt;_InactiveRpcError of RPC that terminated with:
	status = StatusCode.UNAVAILABLE
	details = "failed to connect to all addresses"
	debug_error_string = "{"created":"@1595006324.310539000","description":"Failed to pick subchannel","file":"src/core/ext/filters/client_channel/client_channel.cc","file_line":3948,"referenced_errors":[{"created":"@1595006324.310538000","description":"failed to connect to all addresses","file":"src/core/ext/filters/client_channel/lb_policy/pick_first/pick_first.cc","file_line":394,"grpc_status":14}]}"
&gt;</msg>
<msg timestamp="20200717 20:18:44.429" level="INFO">Connected to the playwright process at port 55972: body: "OK"
</msg>
<msg timestamp="20200717 20:18:44.948" level="INFO">Succesfully created browser with options ${options}</msg>
<msg timestamp="20200717 20:18:44.949" level="INFO">{"hideRfBrowser": false}</msg>
<msg timestamp="20200717 20:18:44.981" level="INFO">Succesfully created context with options [object Object]</msg>
<msg timestamp="20200717 20:18:53.003" level="INFO">Succesfully initialized new page object and opened url</msg>
<status status="PASS" starttime="20200717 20:18:43.846" endtime="20200717 20:18:53.004"></status>
</kw>
<kw name="Check Checkbox" library="Browser">
<doc>Checks the checkbox or selects radio button found by ``selector``.</doc>
<arguments>
<arg>input[name=color][value=red]</arg>
</arguments>
<msg timestamp="20200717 20:18:53.119" level="INFO">Checked checkbox: input[name=color][value=red]</msg>
<status status="PASS" starttime="20200717 20:18:53.005" endtime="20200717 20:18:53.119"></status>
</kw>
<kw name="Check Checkbox" library="Browser">
<doc>Checks the checkbox or selects radio button found by ``selector``.</doc>
<arguments>
<arg>input[name=color][value=green]</arg>
</arguments>
<msg timestamp="20200717 20:18:53.163" level="INFO">Checked checkbox: input[name=color][value=green]</msg>
<status status="PASS" starttime="20200717 20:18:53.120" endtime="20200717 20:18:53.164"></status>
</kw>
<kw name="Check Checkbox" library="Browser">
<doc>Checks the checkbox or selects radio button found by ``selector``.</doc>
<arguments>
<arg>input[name=color][value=blue]</arg>
</arguments>
<msg timestamp="20200717 20:18:53.207" level="INFO">Checked checkbox: input[name=color][value=blue]</msg>
<status status="PASS" starttime="20200717 20:18:53.164" endtime="20200717 20:18:53.207"></status>
</kw>
<kw name="Click" library="Browser">
<doc>Clicks the element found by ``selector``.</doc>
<arguments>
<arg>input[type=submit]</arg>
</arguments>
<msg timestamp="20200717 20:18:53.354" level="INFO">Clicked element: input[type=submit]</msg>
<status status="PASS" starttime="20200717 20:18:53.207" endtime="20200717 20:18:53.354"></status>
</kw>
<kw name="Get Text" library="Browser">
<doc>Returns text attribute of the element found by ``selector``.</doc>
<arguments>
<arg>//body</arg>
<arg>contains</arg>
<arg>You wanted</arg>
</arguments>
<status status="PASS" starttime="20200717 20:18:53.355" endtime="20200717 20:18:53.675"></status>
</kw>
<kw name="Get Text" library="Browser">
<doc>Returns text attribute of the element found by ``selector``.</doc>
<arguments>
<arg>//*[contains(text(),"blue")]</arg>
</arguments>
<assign>
<var>${blue}</var>
</assign>
<msg timestamp="20200717 20:18:53.693" level="INFO">${blue} = blue</msg>
<status status="PASS" starttime="20200717 20:18:53.675" endtime="20200717 20:18:53.693"></status>
</kw>
<kw name="Should Be Equal" library="BuiltIn">
<doc>Fails if the given objects are unequal.</doc>
<arguments>
<arg>${blue}</arg>
<arg>blue</arg>
</arguments>
<status status="PASS" starttime="20200717 20:18:53.693" endtime="20200717 20:18:53.694"></status>
</kw>
<kw name="Get Text" library="Browser">
<doc>Returns text attribute of the element found by ``selector``.</doc>
<arguments>
<arg>//*[contains(text(), "green")]</arg>
<arg>shouldbe</arg>
<arg>green</arg>
</arguments>
<status status="PASS" starttime="20200717 20:18:53.694" endtime="20200717 20:18:53.720"></status>
</kw>
<kw name="Get Text" library="Browser">
<doc>Returns text attribute of the element found by ``selector``.</doc>
<arguments>
<arg>//*[contains(text(), "red")]</arg>
</arguments>
<status status="PASS" starttime="20200717 20:18:53.720" endtime="20200717 20:18:53.752"></status>
</kw>
<status status="PASS" starttime="20200717 20:18:43.845" endtime="20200717 20:18:53.753" critical="yes"></status>
</test>
<test id="s1-t2" name="Exchage Rates">
<kw name="Open Browser" library="Browser">
<doc>Opens a new browser instance.</doc>
<arguments>
<arg>http://selenium.thinkcode.se/exchangeRate</arg>
<arg>headless=false</arg>
</arguments>
<msg timestamp="20200717 20:18:53.755" level="INFO">{"browser": "SupportedBrowsers.chromium", "timeout": 30000.0, "headless": "false", "slowMo": 0.0}</msg>
<msg timestamp="20200717 20:18:53.909" level="INFO">Succesfully created browser with options ${options}</msg>
<msg timestamp="20200717 20:18:53.910" level="INFO">{"hideRfBrowser": false}</msg>
<msg timestamp="20200717 20:18:53.916" level="INFO">Succesfully created context with options [object Object]</msg>
<msg timestamp="20200717 20:18:55.071" level="INFO">Succesfully initialized new page object and opened url</msg>
<status status="PASS" starttime="20200717 20:18:53.755" endtime="20200717 20:18:55.072"></status>
</kw>
<kw name="Fill Text" library="Browser">
<doc>Clears and fills the given ``text`` into the text field found by ``selector``.</doc>
<arguments>
<arg>\#from</arg>
<arg>USD</arg>
</arguments>
<msg timestamp="20200717 20:18:55.139" level="INFO">Fill text: USD</msg>
<status status="PASS" starttime="20200717 20:18:55.072" endtime="20200717 20:18:55.140"></status>
</kw>
<kw name="Fill Text" library="Browser">
<doc>Clears and fills the given ``text`` into the text field found by ``selector``.</doc>
<arguments>
<arg>\#to</arg>
<arg>EUR</arg>
</arguments>
<msg timestamp="20200717 20:18:55.160" level="INFO">Fill text: EUR</msg>
<status status="PASS" starttime="20200717 20:18:55.140" endtime="20200717 20:18:55.160"></status>
</kw>
<kw name="Click" library="Browser">
<doc>Clicks the element found by ``selector``.</doc>
<arguments>
<arg>input[type=submit]</arg>
</arguments>
<msg timestamp="20200717 20:18:55.308" level="INFO">Clicked element: input[type=submit]</msg>
<status status="PASS" starttime="20200717 20:18:55.160" endtime="20200717 20:18:55.309"></status>
</kw>
<kw name="Wait For Elements State" library="Browser">
<doc>Waits for the element found by ``selector`` to satisfy state option.</doc>
<arguments>
<arg>\#waitingMessage</arg>
<arg>hidden</arg>
</arguments>
<msg timestamp="20200717 20:18:55.339" level="INFO">Wait for Element with selector: #waitingMessage</msg>
<status status="PASS" starttime="20200717 20:18:55.309" endtime="20200717 20:18:55.339"></status>
</kw>
<kw name="Wait For Elements State" library="Browser">
<doc>Waits for the element found by ``selector`` to satisfy state option.</doc>
<arguments>
<arg>\#exchangeRate</arg>
<arg>hidden</arg>
</arguments>
<msg timestamp="20200717 20:18:55.354" level="INFO">Wait for Element with selector: #exchangeRate</msg>
<status status="PASS" starttime="20200717 20:18:55.340" endtime="20200717 20:18:55.354"></status>
</kw>
<kw name="Get Text" library="Browser">
<doc>Returns text attribute of the element found by ``selector``.</doc>
<arguments>
<arg>\#exchangeRate</arg>
<arg>shouldbe</arg>
<arg>The exchange rate from USD to EUR is 2.07</arg>
</arguments>
<status status="PASS" starttime="20200717 20:18:55.355" endtime="20200717 20:18:55.621"></status>
</kw>
<tags>
<tag>exchange</tag>
</tags>
<status status="PASS" starttime="20200717 20:18:53.754" endtime="20200717 20:18:55.621" critical="yes"></status>
</test>
<status status="PASS" starttime="20200717 20:18:43.593" endtime="20200717 20:18:55.623"></status>
</suite>
<statistics>
<total>
<stat pass="2" fail="0">Critical Tests</stat>
<stat pass="2" fail="0">All Tests</stat>
</total>
<tag>
<stat pass="1" fail="0">exchange</stat>
</tag>
<suite>
<stat pass="2" fail="0" id="s1" name="ExploreBrowserLibrary">ExploreBrowserLibrary</stat>
</suite>
</statistics>
<errors>
</errors>
</robot>
